<?xml version="1.0" encoding="UTF-8"?>
<!-- Generated by org.testng.reporters.JUnitReportReporter -->
<testsuite hostname="DESKTOP-QE60BAB" failures="0" tests="1" name="com.test.TestClass" time="5.615" errors="0" timestamp="2023-05-20T12:34:48 IST" skipped="0">
  <testcase classname="com.test.TestClass" name="selectOB" time="5.615"/>
  <system-out/>
</testsuite> <!-- com.test.TestClass -->
