<?xml version="1.0" encoding="UTF-8"?>
<!-- Generated by org.testng.reporters.JUnitReportReporter -->
<testsuite hostname="DESKTOP-QE60BAB" failures="0" tests="1" name="com.pom.Sincerepay_Login" time="20.338" errors="0" timestamp="2023-05-12T14:26:59 IST" skipped="0">
  <testcase classname="com.pom.Sincerepay_Login" name="login" time="20.338"/>
  <system-out/>
</testsuite> <!-- com.pom.Sincerepay_Login -->
