<?xml version="1.0" encoding="UTF-8"?>
<!-- Generated by org.testng.reporters.JUnitReportReporter -->
<testsuite hostname="DESKTOP-QE60BAB" failures="0" tests="1" name="com.test.PrepaidActivationPage" time="9.304" errors="0" timestamp="2023-06-28T12:37:57 IST" skipped="0">
  <testcase classname="com.test.PrepaidActivationPage" name="verifyPrepaidActivation" time="9.304"/>
  <system-out/>
</testsuite> <!-- com.test.PrepaidActivationPage -->
